#-----------------------------------------------------------
# Vivado v2017.4 (64-bit)
# SW Build 2086221 on Fri Dec 15 20:55:39 MST 2017
# IP Build 2085800 on Fri Dec 15 22:25:07 MST 2017
# Start of session at: Mon May 27 09:46:06 2019
# Process ID: 10912
# Current directory: C:/Users/14029/Desktop/project_2_7
# Command line: vivado.exe -gui_launcher_event rodinguilauncherevent4764 C:\Users\14029\Desktop\project_2_7\project_1.xpr
# Log file: C:/Users/14029/Desktop/project_2_7/vivado.log
# Journal file: C:/Users/14029/Desktop/project_2_7\vivado.jou
#-----------------------------------------------------------
start_gui
open_project C:/Users/14029/Desktop/project_2_7/project_1.xpr
INFO: [Project 1-313] Project file moved from 'C:/Users/14029/Desktop/project_1_10' since last save.
Scanning sources...
Finished scanning sources
INFO: [IP_Flow 19-234] Refreshing IP repositories
INFO: [IP_Flow 19-1700] Loaded user IP repository 'd:/organize/ip_core'.
INFO: [IP_Flow 19-2313] Loaded Vivado IP repository 'D:/software/xinlin/Vivado/2017.4/data/ip'.
update_compile_order -fileset sources_1
INFO: [Device 21-403] Loading part xc7a100tfgg484-1
WARNING: [IP_Flow 19-4067] Ignoring invalid widget type specified checkbox.Providing a default widget
WARNING: [IP_Flow 19-4067] Ignoring invalid widget type specified checkbox.Providing a default widget
set_property -dict [list CONFIG.Load_Init_File {true} CONFIG.Coe_File {c:/Users/14029/Desktop/project_2_7/project_1.srcs/sources_1/ip/prgrom/prgmip32.coe}] [get_ips prgrom]
INFO: [IP_Flow 19-3484] Absolute path of file 'c:/Users/14029/Desktop/project_2_7/project_1.srcs/sources_1/ip/prgrom/prgmip32.coe' provided. It will be converted relative to IP Instance files 'prgmip32.coe'
generate_target all [get_files  C:/Users/14029/Desktop/project_2_7/project_1.srcs/sources_1/ip/prgrom/prgrom.xci]
INFO: [IP_Flow 19-1686] Generating 'Instantiation Template' target for IP 'prgrom'...
INFO: [IP_Flow 19-1686] Generating 'Synthesis' target for IP 'prgrom'...
INFO: [IP_Flow 19-1686] Generating 'Simulation' target for IP 'prgrom'...
INFO: [IP_Flow 19-1686] Generating 'Miscellaneous' target for IP 'prgrom'...
INFO: [IP_Flow 19-1686] Generating 'Change Log' target for IP 'prgrom'...
catch { config_ip_cache -export [get_ips -all prgrom] }
export_ip_user_files -of_objects [get_files C:/Users/14029/Desktop/project_2_7/project_1.srcs/sources_1/ip/prgrom/prgrom.xci] -no_script -sync -force -quiet
create_ip_run [get_files -of_objects [get_fileset sources_1] C:/Users/14029/Desktop/project_2_7/project_1.srcs/sources_1/ip/prgrom/prgrom.xci]
launch_runs -jobs 8 prgrom_synth_1
[Mon May 27 09:46:46 2019] Launched prgrom_synth_1...
Run output will be captured here: C:/Users/14029/Desktop/project_2_7/project_1.runs/prgrom_synth_1/runme.log
export_simulation -of_objects [get_files C:/Users/14029/Desktop/project_2_7/project_1.srcs/sources_1/ip/prgrom/prgrom.xci] -directory C:/Users/14029/Desktop/project_2_7/project_1.ip_user_files/sim_scripts -ip_user_files_dir C:/Users/14029/Desktop/project_2_7/project_1.ip_user_files -ipstatic_source_dir C:/Users/14029/Desktop/project_2_7/project_1.ip_user_files/ipstatic -lib_map_path [list {modelsim=C:/Users/14029/Desktop/project_2_7/project_1.cache/compile_simlib/modelsim} {questa=C:/Users/14029/Desktop/project_2_7/project_1.cache/compile_simlib/questa} {riviera=C:/Users/14029/Desktop/project_2_7/project_1.cache/compile_simlib/riviera} {activehdl=C:/Users/14029/Desktop/project_2_7/project_1.cache/compile_simlib/activehdl}] -use_ip_compiled_libs -force -quiet
WARNING: [IP_Flow 19-4067] Ignoring invalid widget type specified checkbox.Providing a default widget
WARNING: [IP_Flow 19-4067] Ignoring invalid widget type specified checkbox.Providing a default widget
set_property -dict [list CONFIG.Load_Init_File {true} CONFIG.Coe_File {c:/Users/14029/Desktop/project_2_7/project_1.srcs/sources_1/ip/ram/dmem32.coe}] [get_ips ram]
INFO: [IP_Flow 19-3484] Absolute path of file 'c:/Users/14029/Desktop/project_2_7/project_1.srcs/sources_1/ip/ram/dmem32.coe' provided. It will be converted relative to IP Instance files 'dmem32.coe'
generate_target all [get_files  C:/Users/14029/Desktop/project_2_7/project_1.srcs/sources_1/ip/ram/ram.xci]
INFO: [IP_Flow 19-1686] Generating 'Instantiation Template' target for IP 'ram'...
INFO: [IP_Flow 19-1686] Generating 'Synthesis' target for IP 'ram'...
INFO: [IP_Flow 19-1686] Generating 'Simulation' target for IP 'ram'...
INFO: [IP_Flow 19-1686] Generating 'Miscellaneous' target for IP 'ram'...
INFO: [IP_Flow 19-1686] Generating 'Change Log' target for IP 'ram'...
catch { config_ip_cache -export [get_ips -all ram] }
export_ip_user_files -of_objects [get_files C:/Users/14029/Desktop/project_2_7/project_1.srcs/sources_1/ip/ram/ram.xci] -no_script -sync -force -quiet
reset_run ram_synth_1
WARNING: [Vivado 12-1017] Problems encountered:
1. Failed to delete one or more files in run directory C:/Users/14029/Desktop/project_2_7/project_1.runs/ram_synth_1

launch_runs -jobs 8 ram_synth_1
[Mon May 27 09:47:14 2019] Launched ram_synth_1...
Run output will be captured here: C:/Users/14029/Desktop/project_2_7/project_1.runs/ram_synth_1/runme.log
export_simulation -of_objects [get_files C:/Users/14029/Desktop/project_2_7/project_1.srcs/sources_1/ip/ram/ram.xci] -directory C:/Users/14029/Desktop/project_2_7/project_1.ip_user_files/sim_scripts -ip_user_files_dir C:/Users/14029/Desktop/project_2_7/project_1.ip_user_files -ipstatic_source_dir C:/Users/14029/Desktop/project_2_7/project_1.ip_user_files/ipstatic -lib_map_path [list {modelsim=C:/Users/14029/Desktop/project_2_7/project_1.cache/compile_simlib/modelsim} {questa=C:/Users/14029/Desktop/project_2_7/project_1.cache/compile_simlib/questa} {riviera=C:/Users/14029/Desktop/project_2_7/project_1.cache/compile_simlib/riviera} {activehdl=C:/Users/14029/Desktop/project_2_7/project_1.cache/compile_simlib/activehdl}] -use_ip_compiled_libs -force -quiet
launch_runs impl_1 -to_step write_bitstream -jobs 8
[Mon May 27 09:50:57 2019] Launched synth_1...
Run output will be captured here: C:/Users/14029/Desktop/project_2_7/project_1.runs/synth_1/runme.log
[Mon May 27 09:50:57 2019] Launched impl_1...
Run output will be captured here: C:/Users/14029/Desktop/project_2_7/project_1.runs/impl_1/runme.log
open_hw
connect_hw_server
INFO: [Labtools 27-2285] Connecting to hw_server url TCP:localhost:3121
INFO: [Labtools 27-2222] Launching hw_server...
INFO: [Labtools 27-2221] Launch Output:

****** Xilinx hw_server v2017.4
  **** Build date : Dec 15 2017-21:08:27
    ** Copyright 1986-2017 Xilinx, Inc. All Rights Reserved.


open_hw_target
INFO: [Labtoolstcl 44-466] Opening hw_target localhost:3121/xilinx_tcf/Xilinx/1234-tulA
set_property PROGRAM.FILE {C:/Users/14029/Desktop/project_2_7/project_1.runs/impl_1/minisys.bit} [get_hw_devices xc7a100t_0]
current_hw_device [get_hw_devices xc7a100t_0]
refresh_hw_device -update_hw_probes false [lindex [get_hw_devices xc7a100t_0] 0]
INFO: [Labtools 27-1434] Device xc7a100t (JTAG device index = 0) is programmed with a design that has no supported debug core(s) in it.
WARNING: [Labtools 27-3361] The debug hub core was not detected.
Resolution: 
1. Make sure the clock connected to the debug hub (dbg_hub) core is a free running clock and is active.
2. Make sure the BSCAN_SWITCH_USER_MASK device property in Vivado Hardware Manager reflects the user scan chain setting in the design and refresh the device.  To determine the user scan chain setting in the design, open the implemented design and use 'get_property C_USER_SCAN_CHAIN [get_debug_cores dbg_hub]'.
For more details on setting the scan chain property, consult the Vivado Debug and Programming User Guide (UG908).
set_property PROBES.FILE {} [get_hw_devices xc7a100t_0]
set_property FULL_PROBES.FILE {} [get_hw_devices xc7a100t_0]
set_property PROGRAM.FILE {C:/Users/14029/Desktop/project_2_7/project_1.runs/impl_1/minisys.bit} [get_hw_devices xc7a100t_0]
program_hw_devices [get_hw_devices xc7a100t_0]
INFO: [Labtools 27-3164] End of startup status: HIGH
refresh_hw_device [lindex [get_hw_devices xc7a100t_0] 0]
INFO: [Labtools 27-1434] Device xc7a100t (JTAG device index = 0) is programmed with a design that has no supported debug core(s) in it.
WARNING: [Labtools 27-3361] The debug hub core was not detected.
Resolution: 
1. Make sure the clock connected to the debug hub (dbg_hub) core is a free running clock and is active.
2. Make sure the BSCAN_SWITCH_USER_MASK device property in Vivado Hardware Manager reflects the user scan chain setting in the design and refresh the device.  To determine the user scan chain setting in the design, open the implemented design and use 'get_property C_USER_SCAN_CHAIN [get_debug_cores dbg_hub]'.
For more details on setting the scan chain property, consult the Vivado Debug and Programming User Guide (UG908).
exit
INFO: [Common 17-206] Exiting Vivado at Mon May 27 10:31:07 2019...
