#-----------------------------------------------------------
# Vivado v2017.4 (64-bit)
# SW Build 2086221 on Fri Dec 15 20:55:39 MST 2017
# IP Build 2085800 on Fri Dec 15 22:25:07 MST 2017
# Start of session at: Mon Apr 29 19:47:00 2019
# Process ID: 26036
# Current directory: F:/Github/Computer_Organization/src/project_9/divider
# Command line: vivado.exe -gui_launcher_event rodinguilauncherevent7328 F:\Github\Computer_Organization\src\project_9\divider\divider.xpr
# Log file: F:/Github/Computer_Organization/src/project_9/divider/vivado.log
# Journal file: F:/Github/Computer_Organization/src/project_9/divider\vivado.jou
#-----------------------------------------------------------
start_gui
open_project F:/Github/Computer_Organization/src/project_9/divider/divider.xpr
Scanning sources...
Finished scanning sources
INFO: [IP_Flow 19-234] Refreshing IP repositories
INFO: [IP_Flow 19-1700] Loaded user IP repository 'f:/Github/Computer_Organization/src/project_9/divider/divider.srcs'.
INFO: [IP_Flow 19-2313] Loaded Vivado IP repository 'D:/Xilinx/Vivado/2017.4/data/ip'.
INFO: [Common 17-41] Interrupt caught. Command should exit soon.
ERROR: [BD 41-69] Error sourcing TCL script: 
    while executing
"namespace eval ::xilinx.com_ip_aximm_1.0 { source -notrace {D:/Xilinx/Vivado/2017.4/data/rsb/busdef/AXIMM/busdef.tcl} }"
ERROR: [BD 41-69] Error sourcing TCL script: 
    while executing
"source -notrace {D:/Xilinx/Vivado/2017.4/data/rsb/busdef/clock_signal/busdef.tcl} "
    (in namespace eval "::xilinx.com_ip_clock_signal_1.0" script line 1)
    invoked from within
"namespace eval ::xilinx.com_ip_clock_signal_1.0 { source -notrace {D:/Xilinx/Vivado/2017.4/data/rsb/busdef/clock_signal/busdef.tcl} }"
WARNING: [BD 41-1661] One or more IPs have been locked in the design 'divux16.bd'. Please run report_ip_status for more details and recommendations on how to fix this issue.
List of locked IPs:
divux16_divu_0_0

INFO: [Common 17-344] 'open_project' was cancelled
exit
INFO: [Common 17-206] Exiting Vivado at Mon Apr 29 19:47:16 2019...
