INFO: [VRFC 10-2263] Analyzing Verilog file "F:/Github/Computer_Organization/src/project_9/multiplexer/multiplexer.ip_user_files/bd/mux2x1/ipshared/0952/notgate.v" into library xil_defaultlib
INFO: [VRFC 10-311] analyzing module notgate
INFO: [VRFC 10-2263] Analyzing Verilog file "F:/Github/Computer_Organization/src/project_9/multiplexer/multiplexer.ip_user_files/bd/mux2x1/ip/mux2x1_notgate_0_0/sim/mux2x1_notgate_0_0.v" into library xil_defaultlib
INFO: [VRFC 10-311] analyzing module mux2x1_notgate_0_0
INFO: [VRFC 10-2263] Analyzing Verilog file "F:/Github/Computer_Organization/src/project_9/multiplexer/multiplexer.ip_user_files/bd/mux2x1/sim/mux2x1.v" into library xil_defaultlib
INFO: [VRFC 10-311] analyzing module mux2x1
INFO: [VRFC 10-2263] Analyzing Verilog file "F:/Github/Computer_Organization/src/project_9/multiplexer/multiplexer.ip_user_files/bd/mux2x1/ipshared/ceda/orgate.v" into library xil_defaultlib
INFO: [VRFC 10-311] analyzing module orgate
INFO: [VRFC 10-2263] Analyzing Verilog file "F:/Github/Computer_Organization/src/project_9/multiplexer/multiplexer.ip_user_files/bd/mux2x1/ip/mux2x1_orgate_0_0/sim/mux2x1_orgate_0_0.v" into library xil_defaultlib
INFO: [VRFC 10-311] analyzing module mux2x1_orgate_0_0
INFO: [VRFC 10-2263] Analyzing Verilog file "F:/Github/Computer_Organization/src/project_9/multiplexer/multiplexer.ip_user_files/bd/mux2x1/ipshared/09df/andgate.v" into library xil_defaultlib
INFO: [VRFC 10-311] analyzing module andgate
INFO: [VRFC 10-2263] Analyzing Verilog file "F:/Github/Computer_Organization/src/project_9/multiplexer/multiplexer.ip_user_files/bd/mux2x1/ip/mux2x1_andgate_0_2/sim/mux2x1_andgate_0_2.v" into library xil_defaultlib
INFO: [VRFC 10-311] analyzing module mux2x1_andgate_0_2
WARNING: [VRFC 10-2581] 4294967295 as 32-bit signed integer overflows, using -1 instead [F:/Github/Computer_Organization/src/project_9/multiplexer/multiplexer.ip_user_files/bd/mux2x1/ip/mux2x1_andgate_0_2/sim/mux2x1_andgate_0_2.v:72]
WARNING: [VRFC 10-2581] 4294967295 as 32-bit signed integer overflows, using -1 instead [F:/Github/Computer_Organization/src/project_9/multiplexer/multiplexer.ip_user_files/bd/mux2x1/ip/mux2x1_andgate_0_2/sim/mux2x1_andgate_0_2.v:73]
WARNING: [VRFC 10-2581] 4294967295 as 32-bit signed integer overflows, using -1 instead [F:/Github/Computer_Organization/src/project_9/multiplexer/multiplexer.ip_user_files/bd/mux2x1/ip/mux2x1_andgate_0_2/sim/mux2x1_andgate_0_2.v:74]
WARNING: [VRFC 10-2581] 4294967295 as 32-bit signed integer overflows, using -1 instead [F:/Github/Computer_Organization/src/project_9/multiplexer/multiplexer.ip_user_files/bd/mux2x1/ip/mux2x1_andgate_0_2/sim/mux2x1_andgate_0_2.v:75]
WARNING: [VRFC 10-2581] 4294967295 as 32-bit signed integer overflows, using -1 instead [F:/Github/Computer_Organization/src/project_9/multiplexer/multiplexer.ip_user_files/bd/mux2x1/ip/mux2x1_andgate_0_2/sim/mux2x1_andgate_0_2.v:76]
WARNING: [VRFC 10-2581] 4294967295 as 32-bit signed integer overflows, using -1 instead [F:/Github/Computer_Organization/src/project_9/multiplexer/multiplexer.ip_user_files/bd/mux2x1/ip/mux2x1_andgate_0_2/sim/mux2x1_andgate_0_2.v:77]
INFO: [VRFC 10-2263] Analyzing Verilog file "F:/Github/Computer_Organization/src/project_9/multiplexer/multiplexer.ip_user_files/bd/mux2x1/ip/mux2x1_andgate_0_3/sim/mux2x1_andgate_0_3.v" into library xil_defaultlib
INFO: [VRFC 10-311] analyzing module mux2x1_andgate_0_3
WARNING: [VRFC 10-2581] 4294967295 as 32-bit signed integer overflows, using -1 instead [F:/Github/Computer_Organization/src/project_9/multiplexer/multiplexer.ip_user_files/bd/mux2x1/ip/mux2x1_andgate_0_3/sim/mux2x1_andgate_0_3.v:72]
WARNING: [VRFC 10-2581] 4294967295 as 32-bit signed integer overflows, using -1 instead [F:/Github/Computer_Organization/src/project_9/multiplexer/multiplexer.ip_user_files/bd/mux2x1/ip/mux2x1_andgate_0_3/sim/mux2x1_andgate_0_3.v:73]
WARNING: [VRFC 10-2581] 4294967295 as 32-bit signed integer overflows, using -1 instead [F:/Github/Computer_Organization/src/project_9/multiplexer/multiplexer.ip_user_files/bd/mux2x1/ip/mux2x1_andgate_0_3/sim/mux2x1_andgate_0_3.v:74]
WARNING: [VRFC 10-2581] 4294967295 as 32-bit signed integer overflows, using -1 instead [F:/Github/Computer_Organization/src/project_9/multiplexer/multiplexer.ip_user_files/bd/mux2x1/ip/mux2x1_andgate_0_3/sim/mux2x1_andgate_0_3.v:75]
WARNING: [VRFC 10-2581] 4294967295 as 32-bit signed integer overflows, using -1 instead [F:/Github/Computer_Organization/src/project_9/multiplexer/multiplexer.ip_user_files/bd/mux2x1/ip/mux2x1_andgate_0_3/sim/mux2x1_andgate_0_3.v:76]
WARNING: [VRFC 10-2581] 4294967295 as 32-bit signed integer overflows, using -1 instead [F:/Github/Computer_Organization/src/project_9/multiplexer/multiplexer.ip_user_files/bd/mux2x1/ip/mux2x1_andgate_0_3/sim/mux2x1_andgate_0_3.v:77]
INFO: [VRFC 10-2263] Analyzing Verilog file "F:/Github/Computer_Organization/src/project_9/multiplexer/multiplexer.srcs/sim_1/new/sim_mux2x1.v" into library xil_defaultlib
INFO: [VRFC 10-311] analyzing module sim_mux2x1
