Copyright 1986-2017 Xilinx, Inc. All Rights Reserved.
------------------------------------------------------------------------------------
| Tool Version : Vivado v.2017.4 (win64) Build 2086221 Fri Dec 15 20:55:39 MST 2017
| Date         : Sun Apr 28 23:08:20 2019
| Host         : DESKTOP-RTRUIMN running 64-bit major release  (build 9200)
| Command      : upgrade_ip
| Device       : xc7a100tfgg484-1
------------------------------------------------------------------------------------

Upgrade Log for IP 'xorgatex8_xorgate_0_0'

1. Summary
----------

SUCCESS in the upgrade of xorgatex8_xorgate_0_0 (CSE:CSE:xorgate:1.0) from (Rev. 9) to (Rev. 2)






Copyright 1986-2017 Xilinx, Inc. All Rights Reserved.
------------------------------------------------------------------------------------
| Tool Version : Vivado v.2017.4 (win64) Build 2086221 Fri Dec 15 20:55:39 MST 2017
| Date         : Sun Apr 28 22:32:12 2019
| Host         : DESKTOP-RTRUIMN running 64-bit major release  (build 9200)
| Command      : upgrade_ip
| Device       : xc7a100tfgg484-1
------------------------------------------------------------------------------------

Upgrade Log for IP 'xorgatex8_xorgate_0_0'

1. Summary
----------

SUCCESS in the upgrade of xorgatex8_xorgate_0_0 (CSE:CSE:xorgate:1.0) from (Rev. 3) to (Rev. 9)

