#-----------------------------------------------------------
# Vivado v2017.4 (64-bit)
# SW Build 2086221 on Fri Dec 15 20:55:39 MST 2017
# IP Build 2085800 on Fri Dec 15 22:25:07 MST 2017
# Start of session at: Tue Jun 11 18:28:05 2019
# Process ID: 7336
# Current directory: F:/Github/Computer_Organization/src/project_12
# Command line: vivado.exe -gui_launcher_event rodinguilauncherevent3952 F:\Github\Computer_Organization\src\project_12\project_12.xpr
# Log file: F:/Github/Computer_Organization/src/project_12/vivado.log
# Journal file: F:/Github/Computer_Organization/src/project_12\vivado.jou
#-----------------------------------------------------------
start_gui
open_project F:/Github/Computer_Organization/src/project_12/project_12.xpr
Scanning sources...
Finished scanning sources
INFO: [IP_Flow 19-234] Refreshing IP repositories
INFO: [IP_Flow 19-1700] Loaded user IP repository 'f:/Github/Computer_Organization/src/project_12/project_12.srcs'.
WARNING: [IP_Flow 19-3685] Ignored loading user repository 'f:/Github/Computer_Organization/src/project_12/project_12.srcs/Ifetc32'. The path is contained within another repository.
INFO: [IP_Flow 19-2313] Loaded Vivado IP repository 'D:/Xilinx/Vivado/2017.4/data/ip'.
open_project: Time (s): cpu = 00:00:12 ; elapsed = 00:00:08 . Memory (MB): peak = 696.625 ; gain = 70.563
exit
INFO: [Common 17-206] Exiting Vivado at Tue Jun 11 18:29:07 2019...
